cl : 命令行 warning D9035: “clr:pure”选项已否决，并将在将来的版本中移除
  Doctor.cpp
s:\1study\vcppwork\vc2417\vc2417\Doctor.h(1742): warning C4244: “参数”: 从“int”转换到“float”，可能丢失数据
s:\1study\vcppwork\vc2417\vc2417\Doctor.h(1803): warning C4244: “参数”: 从“int”转换到“float”，可能丢失数据
s:\1study\vcppwork\vc2417\vc2417\Doctor.h(1805): warning C4244: “参数”: 从“int”转换到“float”，可能丢失数据
s:\1study\vcppwork\vc2417\vc2417\Doctor.h(1806): warning C4244: “参数”: 从“int”转换到“float”，可能丢失数据
s:\1study\vcppwork\vc2417\vc2417\Doctor.h(1807): warning C4244: “参数”: 从“int”转换到“float”，可能丢失数据
s:\1study\vcppwork\vc2417\vc2417\Doctor.h(1808): warning C4244: “参数”: 从“int”转换到“float”，可能丢失数据
s:\1study\vcppwork\vc2417\vc2417\Doctor.h(1810): warning C4244: “参数”: 从“int”转换到“float”，可能丢失数据
s:\1study\vcppwork\vc2417\vc2417\Doctor.h(1811): warning C4244: “参数”: 从“int”转换到“float”，可能丢失数据
s:\1study\vcppwork\vc2417\vc2417\Doctor.h(1812): warning C4244: “参数”: 从“int”转换到“float”，可能丢失数据
s:\1study\vcppwork\vc2417\vc2417\Doctor.h(1814): warning C4244: “参数”: 从“int”转换到“float”，可能丢失数据
s:\1study\vcppwork\vc2417\vc2417\Doctor.h(1815): warning C4244: “参数”: 从“int”转换到“float”，可能丢失数据
s:\1study\vcppwork\vc2417\vc2417\Doctor.h(1816): warning C4244: “参数”: 从“int”转换到“float”，可能丢失数据
s:\1study\vcppwork\vc2417\vc2417\Doctor.h(1819): warning C4244: “参数”: 从“int”转换到“float”，可能丢失数据
s:\1study\vcppwork\vc2417\vc2417\Doctor.h(1820): warning C4244: “参数”: 从“int”转换到“float”，可能丢失数据
s:\1study\vcppwork\vc2417\vc2417\Doctor.h(1821): warning C4244: “参数”: 从“int”转换到“float”，可能丢失数据
s:\1study\vcppwork\vc2417\vc2417\Doctor.h(1825): warning C4244: “参数”: 从“int”转换到“float”，可能丢失数据
s:\1study\vcppwork\vc2417\vc2417\Doctor.h(1826): warning C4244: “参数”: 从“int”转换到“float”，可能丢失数据
s:\1study\vcppwork\vc2417\vc2417\Doctor.h(1827): warning C4244: “参数”: 从“int”转换到“float”，可能丢失数据
s:\1study\vcppwork\vc2417\vc2417\Doctor.h(1831): warning C4244: “参数”: 从“int”转换到“float”，可能丢失数据
s:\1study\vcppwork\vc2417\vc2417\Doctor.h(1833): warning C4244: “参数”: 从“int”转换到“float”，可能丢失数据
s:\1study\vcppwork\vc2417\vc2417\Doctor.h(1834): warning C4244: “参数”: 从“int”转换到“float”，可能丢失数据
s:\1study\vcppwork\vc2417\vc2417\Doctor.h(1835): warning C4244: “参数”: 从“int”转换到“float”，可能丢失数据
s:\1study\vcppwork\vc2417\vc2417\Doctor.h(1837): warning C4244: “参数”: 从“int”转换到“float”，可能丢失数据
s:\1study\vcppwork\vc2417\vc2417\Doctor.h(1838): warning C4244: “参数”: 从“int”转换到“float”，可能丢失数据
s:\1study\vcppwork\vc2417\vc2417\Doctor.h(1839): warning C4244: “参数”: 从“int”转换到“float”，可能丢失数据
s:\1study\vcppwork\vc2417\vc2417\Doctor.h(1841): warning C4244: “参数”: 从“int”转换到“float”，可能丢失数据
  JianYanKe.cpp
s:\1study\vcppwork\vc2417\vc2417\JianYanKe.h(4408): warning C4244: “参数”: 从“int”转换到“float”，可能丢失数据
s:\1study\vcppwork\vc2417\vc2417\JianYanKe.h(4469): warning C4244: “参数”: 从“int”转换到“float”，可能丢失数据
s:\1study\vcppwork\vc2417\vc2417\JianYanKe.h(4471): warning C4244: “参数”: 从“int”转换到“float”，可能丢失数据
s:\1study\vcppwork\vc2417\vc2417\JianYanKe.h(4472): warning C4244: “参数”: 从“int”转换到“float”，可能丢失数据
s:\1study\vcppwork\vc2417\vc2417\JianYanKe.h(4473): warning C4244: “参数”: 从“int”转换到“float”，可能丢失数据
s:\1study\vcppwork\vc2417\vc2417\JianYanKe.h(4474): warning C4244: “参数”: 从“int”转换到“float”，可能丢失数据
s:\1study\vcppwork\vc2417\vc2417\JianYanKe.h(4476): warning C4244: “参数”: 从“int”转换到“float”，可能丢失数据
s:\1study\vcppwork\vc2417\vc2417\JianYanKe.h(4477): warning C4244: “参数”: 从“int”转换到“float”，可能丢失数据
s:\1study\vcppwork\vc2417\vc2417\JianYanKe.h(4478): warning C4244: “参数”: 从“int”转换到“float”，可能丢失数据
s:\1study\vcppwork\vc2417\vc2417\JianYanKe.h(4480): warning C4244: “参数”: 从“int”转换到“float”，可能丢失数据
s:\1study\vcppwork\vc2417\vc2417\JianYanKe.h(4481): warning C4244: “参数”: 从“int”转换到“float”，可能丢失数据
s:\1study\vcppwork\vc2417\vc2417\JianYanKe.h(4482): warning C4244: “参数”: 从“int”转换到“float”，可能丢失数据
s:\1study\vcppwork\vc2417\vc2417\JianYanKe.h(4485): warning C4244: “参数”: 从“int”转换到“float”，可能丢失数据
s:\1study\vcppwork\vc2417\vc2417\JianYanKe.h(4486): warning C4244: “参数”: 从“int”转换到“float”，可能丢失数据
s:\1study\vcppwork\vc2417\vc2417\JianYanKe.h(4487): warning C4244: “参数”: 从“int”转换到“float”，可能丢失数据
s:\1study\vcppwork\vc2417\vc2417\JianYanKe.h(4491): warning C4244: “参数”: 从“int”转换到“float”，可能丢失数据
s:\1study\vcppwork\vc2417\vc2417\JianYanKe.h(4492): warning C4244: “参数”: 从“int”转换到“float”，可能丢失数据
s:\1study\vcppwork\vc2417\vc2417\JianYanKe.h(4493): warning C4244: “参数”: 从“int”转换到“float”，可能丢失数据
s:\1study\vcppwork\vc2417\vc2417\JianYanKe.h(4497): warning C4244: “参数”: 从“int”转换到“float”，可能丢失数据
s:\1study\vcppwork\vc2417\vc2417\JianYanKe.h(4499): warning C4244: “参数”: 从“int”转换到“float”，可能丢失数据
s:\1study\vcppwork\vc2417\vc2417\JianYanKe.h(4500): warning C4244: “参数”: 从“int”转换到“float”，可能丢失数据
s:\1study\vcppwork\vc2417\vc2417\JianYanKe.h(4501): warning C4244: “参数”: 从“int”转换到“float”，可能丢失数据
s:\1study\vcppwork\vc2417\vc2417\JianYanKe.h(4503): warning C4244: “参数”: 从“int”转换到“float”，可能丢失数据
s:\1study\vcppwork\vc2417\vc2417\JianYanKe.h(4504): warning C4244: “参数”: 从“int”转换到“float”，可能丢失数据
s:\1study\vcppwork\vc2417\vc2417\JianYanKe.h(4505): warning C4244: “参数”: 从“int”转换到“float”，可能丢失数据
s:\1study\vcppwork\vc2417\vc2417\JianYanKe.h(4507): warning C4244: “参数”: 从“int”转换到“float”，可能丢失数据
  Signin.cpp
s:\1study\vcppwork\vc2417\vc2417\JianYanKe.h(4408): warning C4244: “参数”: 从“int”转换到“float”，可能丢失数据
s:\1study\vcppwork\vc2417\vc2417\JianYanKe.h(4469): warning C4244: “参数”: 从“int”转换到“float”，可能丢失数据
s:\1study\vcppwork\vc2417\vc2417\JianYanKe.h(4471): warning C4244: “参数”: 从“int”转换到“float”，可能丢失数据
s:\1study\vcppwork\vc2417\vc2417\JianYanKe.h(4472): warning C4244: “参数”: 从“int”转换到“float”，可能丢失数据
s:\1study\vcppwork\vc2417\vc2417\JianYanKe.h(4473): warning C4244: “参数”: 从“int”转换到“float”，可能丢失数据
s:\1study\vcppwork\vc2417\vc2417\JianYanKe.h(4474): warning C4244: “参数”: 从“int”转换到“float”，可能丢失数据
s:\1study\vcppwork\vc2417\vc2417\JianYanKe.h(4476): warning C4244: “参数”: 从“int”转换到“float”，可能丢失数据
s:\1study\vcppwork\vc2417\vc2417\JianYanKe.h(4477): warning C4244: “参数”: 从“int”转换到“float”，可能丢失数据
s:\1study\vcppwork\vc2417\vc2417\JianYanKe.h(4478): warning C4244: “参数”: 从“int”转换到“float”，可能丢失数据
s:\1study\vcppwork\vc2417\vc2417\JianYanKe.h(4480): warning C4244: “参数”: 从“int”转换到“float”，可能丢失数据
s:\1study\vcppwork\vc2417\vc2417\JianYanKe.h(4481): warning C4244: “参数”: 从“int”转换到“float”，可能丢失数据
s:\1study\vcppwork\vc2417\vc2417\JianYanKe.h(4482): warning C4244: “参数”: 从“int”转换到“float”，可能丢失数据
s:\1study\vcppwork\vc2417\vc2417\JianYanKe.h(4485): warning C4244: “参数”: 从“int”转换到“float”，可能丢失数据
s:\1study\vcppwork\vc2417\vc2417\JianYanKe.h(4486): warning C4244: “参数”: 从“int”转换到“float”，可能丢失数据
s:\1study\vcppwork\vc2417\vc2417\JianYanKe.h(4487): warning C4244: “参数”: 从“int”转换到“float”，可能丢失数据
s:\1study\vcppwork\vc2417\vc2417\JianYanKe.h(4491): warning C4244: “参数”: 从“int”转换到“float”，可能丢失数据
s:\1study\vcppwork\vc2417\vc2417\JianYanKe.h(4492): warning C4244: “参数”: 从“int”转换到“float”，可能丢失数据
s:\1study\vcppwork\vc2417\vc2417\JianYanKe.h(4493): warning C4244: “参数”: 从“int”转换到“float”，可能丢失数据
s:\1study\vcppwork\vc2417\vc2417\JianYanKe.h(4497): warning C4244: “参数”: 从“int”转换到“float”，可能丢失数据
s:\1study\vcppwork\vc2417\vc2417\JianYanKe.h(4499): warning C4244: “参数”: 从“int”转换到“float”，可能丢失数据
s:\1study\vcppwork\vc2417\vc2417\JianYanKe.h(4500): warning C4244: “参数”: 从“int”转换到“float”，可能丢失数据
s:\1study\vcppwork\vc2417\vc2417\JianYanKe.h(4501): warning C4244: “参数”: 从“int”转换到“float”，可能丢失数据
s:\1study\vcppwork\vc2417\vc2417\JianYanKe.h(4503): warning C4244: “参数”: 从“int”转换到“float”，可能丢失数据
s:\1study\vcppwork\vc2417\vc2417\JianYanKe.h(4504): warning C4244: “参数”: 从“int”转换到“float”，可能丢失数据
s:\1study\vcppwork\vc2417\vc2417\JianYanKe.h(4505): warning C4244: “参数”: 从“int”转换到“float”，可能丢失数据
s:\1study\vcppwork\vc2417\vc2417\JianYanKe.h(4507): warning C4244: “参数”: 从“int”转换到“float”，可能丢失数据
s:\1study\vcppwork\vc2417\vc2417\Doctor.h(1742): warning C4244: “参数”: 从“int”转换到“float”，可能丢失数据
s:\1study\vcppwork\vc2417\vc2417\Doctor.h(1803): warning C4244: “参数”: 从“int”转换到“float”，可能丢失数据
s:\1study\vcppwork\vc2417\vc2417\Doctor.h(1805): warning C4244: “参数”: 从“int”转换到“float”，可能丢失数据
s:\1study\vcppwork\vc2417\vc2417\Doctor.h(1806): warning C4244: “参数”: 从“int”转换到“float”，可能丢失数据
s:\1study\vcppwork\vc2417\vc2417\Doctor.h(1807): warning C4244: “参数”: 从“int”转换到“float”，可能丢失数据
s:\1study\vcppwork\vc2417\vc2417\Doctor.h(1808): warning C4244: “参数”: 从“int”转换到“float”，可能丢失数据
s:\1study\vcppwork\vc2417\vc2417\Doctor.h(1810): warning C4244: “参数”: 从“int”转换到“float”，可能丢失数据
s:\1study\vcppwork\vc2417\vc2417\Doctor.h(1811): warning C4244: “参数”: 从“int”转换到“float”，可能丢失数据
s:\1study\vcppwork\vc2417\vc2417\Doctor.h(1812): warning C4244: “参数”: 从“int”转换到“float”，可能丢失数据
s:\1study\vcppwork\vc2417\vc2417\Doctor.h(1814): warning C4244: “参数”: 从“int”转换到“float”，可能丢失数据
s:\1study\vcppwork\vc2417\vc2417\Doctor.h(1815): warning C4244: “参数”: 从“int”转换到“float”，可能丢失数据
s:\1study\vcppwork\vc2417\vc2417\Doctor.h(1816): warning C4244: “参数”: 从“int”转换到“float”，可能丢失数据
s:\1study\vcppwork\vc2417\vc2417\Doctor.h(1819): warning C4244: “参数”: 从“int”转换到“float”，可能丢失数据
s:\1study\vcppwork\vc2417\vc2417\Doctor.h(1820): warning C4244: “参数”: 从“int”转换到“float”，可能丢失数据
s:\1study\vcppwork\vc2417\vc2417\Doctor.h(1821): warning C4244: “参数”: 从“int”转换到“float”，可能丢失数据
s:\1study\vcppwork\vc2417\vc2417\Doctor.h(1825): warning C4244: “参数”: 从“int”转换到“float”，可能丢失数据
s:\1study\vcppwork\vc2417\vc2417\Doctor.h(1826): warning C4244: “参数”: 从“int”转换到“float”，可能丢失数据
s:\1study\vcppwork\vc2417\vc2417\Doctor.h(1827): warning C4244: “参数”: 从“int”转换到“float”，可能丢失数据
s:\1study\vcppwork\vc2417\vc2417\Doctor.h(1831): warning C4244: “参数”: 从“int”转换到“float”，可能丢失数据
s:\1study\vcppwork\vc2417\vc2417\Doctor.h(1833): warning C4244: “参数”: 从“int”转换到“float”，可能丢失数据
s:\1study\vcppwork\vc2417\vc2417\Doctor.h(1834): warning C4244: “参数”: 从“int”转换到“float”，可能丢失数据
s:\1study\vcppwork\vc2417\vc2417\Doctor.h(1835): warning C4244: “参数”: 从“int”转换到“float”，可能丢失数据
s:\1study\vcppwork\vc2417\vc2417\Doctor.h(1837): warning C4244: “参数”: 从“int”转换到“float”，可能丢失数据
s:\1study\vcppwork\vc2417\vc2417\Doctor.h(1838): warning C4244: “参数”: 从“int”转换到“float”，可能丢失数据
s:\1study\vcppwork\vc2417\vc2417\Doctor.h(1839): warning C4244: “参数”: 从“int”转换到“float”，可能丢失数据
s:\1study\vcppwork\vc2417\vc2417\Doctor.h(1841): warning C4244: “参数”: 从“int”转换到“float”，可能丢失数据
s:\1study\vcppwork\vc2417\vc2417\Patient.h(1421): warning C4244: “参数”: 从“int”转换到“float”，可能丢失数据
s:\1study\vcppwork\vc2417\vc2417\Patient.h(1428): warning C4244: “参数”: 从“int”转换到“float”，可能丢失数据
s:\1study\vcppwork\vc2417\vc2417\Patient.h(1430): warning C4244: “参数”: 从“int”转换到“float”，可能丢失数据
s:\1study\vcppwork\vc2417\vc2417\Patient.h(1432): warning C4244: “参数”: 从“int”转换到“float”，可能丢失数据
s:\1study\vcppwork\vc2417\vc2417\Patient.h(1434): warning C4244: “参数”: 从“int”转换到“float”，可能丢失数据
s:\1study\vcppwork\vc2417\vc2417\Patient.h(1441): warning C4244: “参数”: 从“int”转换到“float”，可能丢失数据
s:\1study\vcppwork\vc2417\vc2417\Patient.h(1443): warning C4244: “参数”: 从“int”转换到“float”，可能丢失数据
s:\1study\vcppwork\vc2417\vc2417\Patient.h(1445): warning C4244: “参数”: 从“int”转换到“float”，可能丢失数据
s:\1study\vcppwork\vc2417\vc2417\Patient.h(1447): warning C4244: “参数”: 从“int”转换到“float”，可能丢失数据
s:\1study\vcppwork\vc2417\vc2417\Patient.h(1521): warning C4244: “参数”: 从“int”转换到“float”，可能丢失数据
s:\1study\vcppwork\vc2417\vc2417\Patient.h(1573): warning C4244: “参数”: 从“int”转换到“float”，可能丢失数据
s:\1study\vcppwork\vc2417\vc2417\Patient.h(1575): warning C4244: “参数”: 从“int”转换到“float”，可能丢失数据
s:\1study\vcppwork\vc2417\vc2417\Patient.h(1576): warning C4244: “参数”: 从“int”转换到“float”，可能丢失数据
s:\1study\vcppwork\vc2417\vc2417\Patient.h(1577): warning C4244: “参数”: 从“int”转换到“float”，可能丢失数据
s:\1study\vcppwork\vc2417\vc2417\Patient.h(1578): warning C4244: “参数”: 从“int”转换到“float”，可能丢失数据
s:\1study\vcppwork\vc2417\vc2417\Patient.h(1580): warning C4244: “参数”: 从“int”转换到“float”，可能丢失数据
s:\1study\vcppwork\vc2417\vc2417\Patient.h(1581): warning C4244: “参数”: 从“int”转换到“float”，可能丢失数据
s:\1study\vcppwork\vc2417\vc2417\Patient.h(1582): warning C4244: “参数”: 从“int”转换到“float”，可能丢失数据
s:\1study\vcppwork\vc2417\vc2417\Patient.h(1584): warning C4244: “参数”: 从“int”转换到“float”，可能丢失数据
s:\1study\vcppwork\vc2417\vc2417\Patient.h(1585): warning C4244: “参数”: 从“int”转换到“float”，可能丢失数据
s:\1study\vcppwork\vc2417\vc2417\Patient.h(1586): warning C4244: “参数”: 从“int”转换到“float”，可能丢失数据
s:\1study\vcppwork\vc2417\vc2417\Patient.h(1589): warning C4244: “参数”: 从“int”转换到“float”，可能丢失数据
s:\1study\vcppwork\vc2417\vc2417\Patient.h(1590): warning C4244: “参数”: 从“int”转换到“float”，可能丢失数据
s:\1study\vcppwork\vc2417\vc2417\Patient.h(1591): warning C4244: “参数”: 从“int”转换到“float”，可能丢失数据
s:\1study\vcppwork\vc2417\vc2417\Patient.h(1595): warning C4244: “参数”: 从“int”转换到“float”，可能丢失数据
s:\1study\vcppwork\vc2417\vc2417\Patient.h(1596): warning C4244: “参数”: 从“int”转换到“float”，可能丢失数据
s:\1study\vcppwork\vc2417\vc2417\Patient.h(1597): warning C4244: “参数”: 从“int”转换到“float”，可能丢失数据
s:\1study\vcppwork\vc2417\vc2417\Patient.h(1601): warning C4244: “参数”: 从“int”转换到“float”，可能丢失数据
s:\1study\vcppwork\vc2417\vc2417\Patient.h(1603): warning C4244: “参数”: 从“int”转换到“float”，可能丢失数据
s:\1study\vcppwork\vc2417\vc2417\Patient.h(1604): warning C4244: “参数”: 从“int”转换到“float”，可能丢失数据
s:\1study\vcppwork\vc2417\vc2417\Patient.h(1605): warning C4244: “参数”: 从“int”转换到“float”，可能丢失数据
s:\1study\vcppwork\vc2417\vc2417\Patient.h(1607): warning C4244: “参数”: 从“int”转换到“float”，可能丢失数据
s:\1study\vcppwork\vc2417\vc2417\Patient.h(1608): warning C4244: “参数”: 从“int”转换到“float”，可能丢失数据
s:\1study\vcppwork\vc2417\vc2417\Patient.h(1609): warning C4244: “参数”: 从“int”转换到“float”，可能丢失数据
s:\1study\vcppwork\vc2417\vc2417\Patient.h(1611): warning C4244: “参数”: 从“int”转换到“float”，可能丢失数据
s:\1study\vcppwork\vc2417\vc2417\Signin.h(494): warning C4101: “ex”: 未引用的局部变量
  VC2417.cpp
s:\1study\vcppwork\vc2417\vc2417\Form1.h(303): warning C4101: “ex”: 未引用的局部变量
s:\1study\vcppwork\vc2417\vc2417\JianYanKe.h(4408): warning C4244: “参数”: 从“int”转换到“float”，可能丢失数据
s:\1study\vcppwork\vc2417\vc2417\JianYanKe.h(4469): warning C4244: “参数”: 从“int”转换到“float”，可能丢失数据
s:\1study\vcppwork\vc2417\vc2417\JianYanKe.h(4471): warning C4244: “参数”: 从“int”转换到“float”，可能丢失数据
s:\1study\vcppwork\vc2417\vc2417\JianYanKe.h(4472): warning C4244: “参数”: 从“int”转换到“float”，可能丢失数据
s:\1study\vcppwork\vc2417\vc2417\JianYanKe.h(4473): warning C4244: “参数”: 从“int”转换到“float”，可能丢失数据
s:\1study\vcppwork\vc2417\vc2417\JianYanKe.h(4474): warning C4244: “参数”: 从“int”转换到“float”，可能丢失数据
s:\1study\vcppwork\vc2417\vc2417\JianYanKe.h(4476): warning C4244: “参数”: 从“int”转换到“float”，可能丢失数据
s:\1study\vcppwork\vc2417\vc2417\JianYanKe.h(4477): warning C4244: “参数”: 从“int”转换到“float”，可能丢失数据
s:\1study\vcppwork\vc2417\vc2417\JianYanKe.h(4478): warning C4244: “参数”: 从“int”转换到“float”，可能丢失数据
s:\1study\vcppwork\vc2417\vc2417\JianYanKe.h(4480): warning C4244: “参数”: 从“int”转换到“float”，可能丢失数据
s:\1study\vcppwork\vc2417\vc2417\JianYanKe.h(4481): warning C4244: “参数”: 从“int”转换到“float”，可能丢失数据
s:\1study\vcppwork\vc2417\vc2417\JianYanKe.h(4482): warning C4244: “参数”: 从“int”转换到“float”，可能丢失数据
s:\1study\vcppwork\vc2417\vc2417\JianYanKe.h(4485): warning C4244: “参数”: 从“int”转换到“float”，可能丢失数据
s:\1study\vcppwork\vc2417\vc2417\JianYanKe.h(4486): warning C4244: “参数”: 从“int”转换到“float”，可能丢失数据
s:\1study\vcppwork\vc2417\vc2417\JianYanKe.h(4487): warning C4244: “参数”: 从“int”转换到“float”，可能丢失数据
s:\1study\vcppwork\vc2417\vc2417\JianYanKe.h(4491): warning C4244: “参数”: 从“int”转换到“float”，可能丢失数据
s:\1study\vcppwork\vc2417\vc2417\JianYanKe.h(4492): warning C4244: “参数”: 从“int”转换到“float”，可能丢失数据
s:\1study\vcppwork\vc2417\vc2417\JianYanKe.h(4493): warning C4244: “参数”: 从“int”转换到“float”，可能丢失数据
s:\1study\vcppwork\vc2417\vc2417\JianYanKe.h(4497): warning C4244: “参数”: 从“int”转换到“float”，可能丢失数据
s:\1study\vcppwork\vc2417\vc2417\JianYanKe.h(4499): warning C4244: “参数”: 从“int”转换到“float”，可能丢失数据
s:\1study\vcppwork\vc2417\vc2417\JianYanKe.h(4500): warning C4244: “参数”: 从“int”转换到“float”，可能丢失数据
s:\1study\vcppwork\vc2417\vc2417\JianYanKe.h(4501): warning C4244: “参数”: 从“int”转换到“float”，可能丢失数据
s:\1study\vcppwork\vc2417\vc2417\JianYanKe.h(4503): warning C4244: “参数”: 从“int”转换到“float”，可能丢失数据
s:\1study\vcppwork\vc2417\vc2417\JianYanKe.h(4504): warning C4244: “参数”: 从“int”转换到“float”，可能丢失数据
s:\1study\vcppwork\vc2417\vc2417\JianYanKe.h(4505): warning C4244: “参数”: 从“int”转换到“float”，可能丢失数据
s:\1study\vcppwork\vc2417\vc2417\JianYanKe.h(4507): warning C4244: “参数”: 从“int”转换到“float”，可能丢失数据
s:\1study\vcppwork\vc2417\vc2417\Doctor.h(1742): warning C4244: “参数”: 从“int”转换到“float”，可能丢失数据
s:\1study\vcppwork\vc2417\vc2417\Doctor.h(1803): warning C4244: “参数”: 从“int”转换到“float”，可能丢失数据
s:\1study\vcppwork\vc2417\vc2417\Doctor.h(1805): warning C4244: “参数”: 从“int”转换到“float”，可能丢失数据
s:\1study\vcppwork\vc2417\vc2417\Doctor.h(1806): warning C4244: “参数”: 从“int”转换到“float”，可能丢失数据
s:\1study\vcppwork\vc2417\vc2417\Doctor.h(1807): warning C4244: “参数”: 从“int”转换到“float”，可能丢失数据
s:\1study\vcppwork\vc2417\vc2417\Doctor.h(1808): warning C4244: “参数”: 从“int”转换到“float”，可能丢失数据
s:\1study\vcppwork\vc2417\vc2417\Doctor.h(1810): warning C4244: “参数”: 从“int”转换到“float”，可能丢失数据
s:\1study\vcppwork\vc2417\vc2417\Doctor.h(1811): warning C4244: “参数”: 从“int”转换到“float”，可能丢失数据
s:\1study\vcppwork\vc2417\vc2417\Doctor.h(1812): warning C4244: “参数”: 从“int”转换到“float”，可能丢失数据
s:\1study\vcppwork\vc2417\vc2417\Doctor.h(1814): warning C4244: “参数”: 从“int”转换到“float”，可能丢失数据
s:\1study\vcppwork\vc2417\vc2417\Doctor.h(1815): warning C4244: “参数”: 从“int”转换到“float”，可能丢失数据
s:\1study\vcppwork\vc2417\vc2417\Doctor.h(1816): warning C4244: “参数”: 从“int”转换到“float”，可能丢失数据
s:\1study\vcppwork\vc2417\vc2417\Doctor.h(1819): warning C4244: “参数”: 从“int”转换到“float”，可能丢失数据
s:\1study\vcppwork\vc2417\vc2417\Doctor.h(1820): warning C4244: “参数”: 从“int”转换到“float”，可能丢失数据
s:\1study\vcppwork\vc2417\vc2417\Doctor.h(1821): warning C4244: “参数”: 从“int”转换到“float”，可能丢失数据
s:\1study\vcppwork\vc2417\vc2417\Doctor.h(1825): warning C4244: “参数”: 从“int”转换到“float”，可能丢失数据
s:\1study\vcppwork\vc2417\vc2417\Doctor.h(1826): warning C4244: “参数”: 从“int”转换到“float”，可能丢失数据
s:\1study\vcppwork\vc2417\vc2417\Doctor.h(1827): warning C4244: “参数”: 从“int”转换到“float”，可能丢失数据
s:\1study\vcppwork\vc2417\vc2417\Doctor.h(1831): warning C4244: “参数”: 从“int”转换到“float”，可能丢失数据
s:\1study\vcppwork\vc2417\vc2417\Doctor.h(1833): warning C4244: “参数”: 从“int”转换到“float”，可能丢失数据
s:\1study\vcppwork\vc2417\vc2417\Doctor.h(1834): warning C4244: “参数”: 从“int”转换到“float”，可能丢失数据
s:\1study\vcppwork\vc2417\vc2417\Doctor.h(1835): warning C4244: “参数”: 从“int”转换到“float”，可能丢失数据
s:\1study\vcppwork\vc2417\vc2417\Doctor.h(1837): warning C4244: “参数”: 从“int”转换到“float”，可能丢失数据
s:\1study\vcppwork\vc2417\vc2417\Doctor.h(1838): warning C4244: “参数”: 从“int”转换到“float”，可能丢失数据
s:\1study\vcppwork\vc2417\vc2417\Doctor.h(1839): warning C4244: “参数”: 从“int”转换到“float”，可能丢失数据
s:\1study\vcppwork\vc2417\vc2417\Doctor.h(1841): warning C4244: “参数”: 从“int”转换到“float”，可能丢失数据
s:\1study\vcppwork\vc2417\vc2417\Patient.h(1421): warning C4244: “参数”: 从“int”转换到“float”，可能丢失数据
s:\1study\vcppwork\vc2417\vc2417\Patient.h(1428): warning C4244: “参数”: 从“int”转换到“float”，可能丢失数据
s:\1study\vcppwork\vc2417\vc2417\Patient.h(1430): warning C4244: “参数”: 从“int”转换到“float”，可能丢失数据
s:\1study\vcppwork\vc2417\vc2417\Patient.h(1432): warning C4244: “参数”: 从“int”转换到“float”，可能丢失数据
s:\1study\vcppwork\vc2417\vc2417\Patient.h(1434): warning C4244: “参数”: 从“int”转换到“float”，可能丢失数据
s:\1study\vcppwork\vc2417\vc2417\Patient.h(1441): warning C4244: “参数”: 从“int”转换到“float”，可能丢失数据
s:\1study\vcppwork\vc2417\vc2417\Patient.h(1443): warning C4244: “参数”: 从“int”转换到“float”，可能丢失数据
s:\1study\vcppwork\vc2417\vc2417\Patient.h(1445): warning C4244: “参数”: 从“int”转换到“float”，可能丢失数据
s:\1study\vcppwork\vc2417\vc2417\Patient.h(1447): warning C4244: “参数”: 从“int”转换到“float”，可能丢失数据
s:\1study\vcppwork\vc2417\vc2417\Patient.h(1521): warning C4244: “参数”: 从“int”转换到“float”，可能丢失数据
s:\1study\vcppwork\vc2417\vc2417\Patient.h(1573): warning C4244: “参数”: 从“int”转换到“float”，可能丢失数据
s:\1study\vcppwork\vc2417\vc2417\Patient.h(1575): warning C4244: “参数”: 从“int”转换到“float”，可能丢失数据
s:\1study\vcppwork\vc2417\vc2417\Patient.h(1576): warning C4244: “参数”: 从“int”转换到“float”，可能丢失数据
s:\1study\vcppwork\vc2417\vc2417\Patient.h(1577): warning C4244: “参数”: 从“int”转换到“float”，可能丢失数据
s:\1study\vcppwork\vc2417\vc2417\Patient.h(1578): warning C4244: “参数”: 从“int”转换到“float”，可能丢失数据
s:\1study\vcppwork\vc2417\vc2417\Patient.h(1580): warning C4244: “参数”: 从“int”转换到“float”，可能丢失数据
s:\1study\vcppwork\vc2417\vc2417\Patient.h(1581): warning C4244: “参数”: 从“int”转换到“float”，可能丢失数据
s:\1study\vcppwork\vc2417\vc2417\Patient.h(1582): warning C4244: “参数”: 从“int”转换到“float”，可能丢失数据
s:\1study\vcppwork\vc2417\vc2417\Patient.h(1584): warning C4244: “参数”: 从“int”转换到“float”，可能丢失数据
s:\1study\vcppwork\vc2417\vc2417\Patient.h(1585): warning C4244: “参数”: 从“int”转换到“float”，可能丢失数据
s:\1study\vcppwork\vc2417\vc2417\Patient.h(1586): warning C4244: “参数”: 从“int”转换到“float”，可能丢失数据
s:\1study\vcppwork\vc2417\vc2417\Patient.h(1589): warning C4244: “参数”: 从“int”转换到“float”，可能丢失数据
s:\1study\vcppwork\vc2417\vc2417\Patient.h(1590): warning C4244: “参数”: 从“int”转换到“float”，可能丢失数据
s:\1study\vcppwork\vc2417\vc2417\Patient.h(1591): warning C4244: “参数”: 从“int”转换到“float”，可能丢失数据
s:\1study\vcppwork\vc2417\vc2417\Patient.h(1595): warning C4244: “参数”: 从“int”转换到“float”，可能丢失数据
s:\1study\vcppwork\vc2417\vc2417\Patient.h(1596): warning C4244: “参数”: 从“int”转换到“float”，可能丢失数据
s:\1study\vcppwork\vc2417\vc2417\Patient.h(1597): warning C4244: “参数”: 从“int”转换到“float”，可能丢失数据
s:\1study\vcppwork\vc2417\vc2417\Patient.h(1601): warning C4244: “参数”: 从“int”转换到“float”，可能丢失数据
s:\1study\vcppwork\vc2417\vc2417\Patient.h(1603): warning C4244: “参数”: 从“int”转换到“float”，可能丢失数据
s:\1study\vcppwork\vc2417\vc2417\Patient.h(1604): warning C4244: “参数”: 从“int”转换到“float”，可能丢失数据
s:\1study\vcppwork\vc2417\vc2417\Patient.h(1605): warning C4244: “参数”: 从“int”转换到“float”，可能丢失数据
s:\1study\vcppwork\vc2417\vc2417\Patient.h(1607): warning C4244: “参数”: 从“int”转换到“float”，可能丢失数据
s:\1study\vcppwork\vc2417\vc2417\Patient.h(1608): warning C4244: “参数”: 从“int”转换到“float”，可能丢失数据
s:\1study\vcppwork\vc2417\vc2417\Patient.h(1609): warning C4244: “参数”: 从“int”转换到“float”，可能丢失数据
s:\1study\vcppwork\vc2417\vc2417\Patient.h(1611): warning C4244: “参数”: 从“int”转换到“float”，可能丢失数据
s:\1study\vcppwork\vc2417\vc2417\Signin.h(494): warning C4101: “ex”: 未引用的局部变量
  正在生成代码...
s:\1study\vcppwork\vc2417\vc2417\doctor.h(1581): warning C4715: “VC2417::Doctor::getresultno”: 不是所有的控件路径都返回值
s:\1study\vcppwork\vc2417\vc2417\doctor.h(1581): warning C4715: “VC2417::Doctor::getresultno”: 不是所有的控件路径都返回值
s:\1study\vcppwork\vc2417\vc2417\doctor.h(1581): warning C4715: “VC2417::Doctor::getresultno”: 不是所有的控件路径都返回值
  Admin.obj :托管的代码存在时 /DEBUG:FASTLINK 不受支持；正在重新启动与 /DEBUG:FULL 的链接
  VC2417.vcxproj -> S:\1Study\VCppwork\VC2417\Debug\VC2417.exe
